\BOOKMARK [-1][]{title.-1}{\376\377\215\205\133\374\221\317\133\120\213\241\173\227\166\204\127\372\147\054\123\237\164\006}{}% 1
\BOOKMARK [0][]{ustctoc.0}{\376\377\166\356\137\125}{title.-1}% 2
\BOOKMARK [0][]{chapter.1}{\376\377\173\054\0001\172\340\000\040\000\040\215\205\133\374\221\317\133\120\153\324\162\171\166\204\127\372\147\054\123\237\164\006}{title.-1}% 3
\BOOKMARK [1][-]{section.1.1}{\376\377\0001\000.\0001\000\040\215\205\133\374\221\317\133\120\213\241\173\227\166\204\123\206\123\362}{chapter.1}% 4
\BOOKMARK [1][-]{section.1.2}{\376\377\0001\000.\0002\000\040\215\205\133\374\221\317\133\120\213\241\173\227\174\373\176\337\166\204\176\323\147\204}{chapter.1}% 5
\BOOKMARK [1][-]{section.1.3}{\376\377\0001\000.\0003\000\040\215\205\133\374\221\317\133\120\131\004\164\006\126\150}{chapter.1}% 6
\BOOKMARK [2][-]{subsection.1.3.1}{\376\377\0001\000.\0003\000.\0001\000\040\000L\000C\214\020\143\057\165\065\215\357\166\204\221\317\133\120\123\026}{section.1.3}% 7
\BOOKMARK [2][-]{subsection.1.3.2}{\376\377\0001\000.\0003\000.\0002\000\040\215\205\133\374\176\246\164\137\131\053\150\356\176\323}{section.1.3}% 8
\BOOKMARK [2][-]{subsection.1.3.3}{\376\377\0001\000.\0003\000.\0003\000\040\117\040\217\223\133\120\215\205\133\374\221\317\133\120\153\324\162\171}{section.1.3}% 9
\BOOKMARK [2][-]{subsection.1.3.4}{\376\377\0001\000.\0003\000.\0004\000\040\215\205\133\374\221\317\133\120\153\324\162\171\225\364\166\204\166\370\116\222\200\046\124\010}{section.1.3}% 10
\BOOKMARK [2][-]{subsection.1.3.5}{\376\377\0001\000.\0003\000.\0005\000\040\121\166\116\326\137\142\137\017\166\204\215\205\133\374\221\317\133\120\153\324\162\171}{section.1.3}% 11
\BOOKMARK [1][-]{section.1.4}{\376\377\0001\000.\0004\000\040\155\113\221\317\116\016\143\247\122\066\174\373\176\337}{chapter.1}% 12
\BOOKMARK [2][-]{subsection.1.4.1}{\376\377\0001\000.\0004\000.\0001\000\040\172\000\221\312\122\066\121\267\147\072\174\373\176\337}{section.1.4}% 13
\BOOKMARK [2][-]{subsection.1.4.2}{\376\377\0001\000.\0004\000.\0002\000\040\143\247\122\066\116\016\155\113\221\317\117\341\123\367\166\204\116\247\165\037\116\016\117\040\217\223\174\373\176\337}{section.1.4}% 14
\BOOKMARK [1][-]{section.1.5}{\376\377\0001\000.\0005\000\040\140\073\176\323}{chapter.1}% 15
\BOOKMARK [0][]{chapter.2}{\376\377\173\054\0002\172\340\000\040\000\040\215\205\133\374\221\317\133\120\153\324\162\171\166\204\143\247\122\066\116\016\155\113\221\317}{title.-1}% 16
\BOOKMARK [1][-]{section.2.1}{\376\377\0002\000.\0001\000\040\215\205\133\374\221\317\133\120\153\324\162\171\166\204\122\035\140\001\122\066\131\007}{chapter.2}% 17
\BOOKMARK [2][-]{subsection.2.1.1}{\376\377\0002\000.\0001\000.\0001\000\040\210\253\122\250\221\315\177\156}{section.2.1}% 18
\BOOKMARK [2][-]{subsection.2.1.2}{\376\377\0002\000.\0001\000.\0002\000\040\116\073\122\250\221\315\177\156}{section.2.1}% 19
\BOOKMARK [1][-]{section.2.2}{\376\377\0002\000.\0002\000\040\215\205\133\374\221\317\133\120\153\324\162\171\166\204\162\266\140\001\144\315\143\247}{chapter.2}% 20
\BOOKMARK [2][-]{subsection.2.2.1}{\376\377\0002\000.\0002\000.\0001\000\040\123\125\153\324\162\171\000R\000X\000\050\000/\0002\000\051\225\350}{section.2.2}% 21
\BOOKMARK [2][-]{subsection.2.2.2}{\376\377\0002\000.\0002\000.\0002\000\040\116\044\153\324\162\171\123\327\143\247\000Z\225\350}{section.2.2}% 22
\BOOKMARK [1][-]{section.2.3}{\376\377\0002\000.\0003\000\040\215\205\133\374\221\317\133\120\153\324\162\171\166\204\162\266\140\001\213\373\123\326}{chapter.2}% 23
\BOOKMARK [2][-]{subsection.2.3.1}{\376\377\0002\000.\0003\000.\0001\000\040\116\214\200\375\176\247\221\317\133\120\153\324\162\171\116\016\213\373\123\326\201\124\166\204\202\162\145\143\213\373\123\326}{section.2.3}% 24
\BOOKMARK [2][-]{subsection.2.3.2}{\376\377\0002\000.\0003\000.\0002\000\040\213\373\123\326\117\341\123\367\166\204\166\370\117\115\171\373\122\250}{section.2.3}% 25
\BOOKMARK [2][-]{subsection.2.3.3}{\376\377\0002\000.\0003\000.\0003\000\040\221\317\133\120\153\324\162\171\162\266\140\001\213\373\123\326\176\323\147\234\166\204\150\041\121\306}{section.2.3}% 26
\BOOKMARK [1][-]{section.2.4}{\376\377\0002\000.\0004\000\040\140\073\176\323}{chapter.2}% 27
\BOOKMARK [0][]{chapter*.22}{\376\377\123\302\200\003\145\207\163\056}{title.-1}% 28
